Info: Starting: Create block symbol file (.bsf)
Info: qsys-generate D:\NGUYEN_VU_NHAT_THANH\Nam_4_HK1\SoC\Thuc_hanh\lap7\system.qsys --block-symbol-file --output-directory=D:\NGUYEN_VU_NHAT_THANH\Nam_4_HK1\SoC\Thuc_hanh\lap7\system --family="Cyclone V" --part=5CSXFC6D6F31C6
Progress: Loading lap7/system.qsys
Progress: Reading input file
Progress: Adding clk_0 [clock_source 18.1]
Progress: Parameterizing module clk_0
Progress: Adding jtag_uart_0 [altera_avalon_jtag_uart 18.1]
Progress: Parameterizing module jtag_uart_0
Progress: Adding nios2_gen2_0 [altera_nios2_gen2 18.1]
Progress: Parameterizing module nios2_gen2_0
Progress: Adding onchip_memory2_0 [altera_avalon_onchip_memory2 18.1]
Progress: Parameterizing module onchip_memory2_0
Progress: Adding pio_hex0 [altera_avalon_pio 18.1]
Progress: Parameterizing module pio_hex0
Progress: Adding pio_hex1 [altera_avalon_pio 18.1]
Progress: Parameterizing module pio_hex1
Progress: Adding pio_hex2 [altera_avalon_pio 18.1]
Progress: Parameterizing module pio_hex2
Progress: Adding pio_hex3 [altera_avalon_pio 18.1]
Progress: Parameterizing module pio_hex3
Progress: Adding pio_hex4 [altera_avalon_pio 18.1]
Progress: Parameterizing module pio_hex4
Progress: Adding pio_hex5 [altera_avalon_pio 18.1]
Progress: Parameterizing module pio_hex5
Progress: Adding pio_sw [altera_avalon_pio 18.1]
Progress: Parameterizing module pio_sw
Progress: Adding timer_0 [altera_avalon_timer 18.1]
Progress: Parameterizing module timer_0
Progress: Building connections
Progress: Parameterizing connections
Progress: Validating
Progress: Done reading input file
Info: system.jtag_uart_0: JTAG UART IP input clock need to be at least double (2x) the operating frequency of JTAG TCK on board
Info: system.pio_sw: PIO inputs are not hardwired in test bench. Undefined values will be read from PIO inputs during simulation.
Info: qsys-generate succeeded.
Info: Finished: Create block symbol file (.bsf)
Info: 
Info: Starting: Create HDL design files for synthesis
Info: qsys-generate D:\NGUYEN_VU_NHAT_THANH\Nam_4_HK1\SoC\Thuc_hanh\lap7\system.qsys --synthesis=VERILOG --output-directory=D:\NGUYEN_VU_NHAT_THANH\Nam_4_HK1\SoC\Thuc_hanh\lap7\system\synthesis --family="Cyclone V" --part=5CSXFC6D6F31C6
Progress: Loading lap7/system.qsys
Progress: Reading input file
Progress: Adding clk_0 [clock_source 18.1]
Progress: Parameterizing module clk_0
Progress: Adding jtag_uart_0 [altera_avalon_jtag_uart 18.1]
Progress: Parameterizing module jtag_uart_0
Progress: Adding nios2_gen2_0 [altera_nios2_gen2 18.1]
Progress: Parameterizing module nios2_gen2_0
Progress: Adding onchip_memory2_0 [altera_avalon_onchip_memory2 18.1]
Progress: Parameterizing module onchip_memory2_0
Progress: Adding pio_hex0 [altera_avalon_pio 18.1]
Progress: Parameterizing module pio_hex0
Progress: Adding pio_hex1 [altera_avalon_pio 18.1]
Progress: Parameterizing module pio_hex1
Progress: Adding pio_hex2 [altera_avalon_pio 18.1]
Progress: Parameterizing module pio_hex2
Progress: Adding pio_hex3 [altera_avalon_pio 18.1]
Progress: Parameterizing module pio_hex3
Progress: Adding pio_hex4 [altera_avalon_pio 18.1]
Progress: Parameterizing module pio_hex4
Progress: Adding pio_hex5 [altera_avalon_pio 18.1]
Progress: Parameterizing module pio_hex5
Progress: Adding pio_sw [altera_avalon_pio 18.1]
Progress: Parameterizing module pio_sw
Progress: Adding timer_0 [altera_avalon_timer 18.1]
Progress: Parameterizing module timer_0
Progress: Building connections
Progress: Parameterizing connections
Progress: Validating
Progress: Done reading input file
Info: system.jtag_uart_0: JTAG UART IP input clock need to be at least double (2x) the operating frequency of JTAG TCK on board
Info: system.pio_sw: PIO inputs are not hardwired in test bench. Undefined values will be read from PIO inputs during simulation.
Info: system: Generating system "system" for QUARTUS_SYNTH
Info: jtag_uart_0: Starting RTL generation for module 'system_jtag_uart_0'
Info: jtag_uart_0:   Generation command is [exec D:/quartus_prime/quartus/bin64/perl/bin/perl.exe -I D:/quartus_prime/quartus/bin64/perl/lib -I D:/quartus_prime/quartus/sopc_builder/bin/europa -I D:/quartus_prime/quartus/sopc_builder/bin/perl_lib -I D:/quartus_prime/quartus/sopc_builder/bin -I D:/quartus_prime/quartus/../ip/altera/sopc_builder_ip/common -I D:/quartus_prime/quartus/../ip/altera/sopc_builder_ip/altera_avalon_jtag_uart -- D:/quartus_prime/quartus/../ip/altera/sopc_builder_ip/altera_avalon_jtag_uart/generate_rtl.pl --name=system_jtag_uart_0 --dir=C:/Users/admin/AppData/Local/Temp/alt0424_5852287047058806136.dir/0002_jtag_uart_0_gen/ --quartus_dir=D:/quartus_prime/quartus --verilog --config=C:/Users/admin/AppData/Local/Temp/alt0424_5852287047058806136.dir/0002_jtag_uart_0_gen//system_jtag_uart_0_component_configuration.pl  --do_build_sim=0  ]
Info: jtag_uart_0: Done RTL generation for module 'system_jtag_uart_0'
Info: jtag_uart_0: "system" instantiated altera_avalon_jtag_uart "jtag_uart_0"
Info: nios2_gen2_0: "system" instantiated altera_nios2_gen2 "nios2_gen2_0"
Info: onchip_memory2_0: Starting RTL generation for module 'system_onchip_memory2_0'
Info: onchip_memory2_0:   Generation command is [exec D:/quartus_prime/quartus/bin64/perl/bin/perl.exe -I D:/quartus_prime/quartus/bin64/perl/lib -I D:/quartus_prime/quartus/sopc_builder/bin/europa -I D:/quartus_prime/quartus/sopc_builder/bin/perl_lib -I D:/quartus_prime/quartus/sopc_builder/bin -I D:/quartus_prime/quartus/../ip/altera/sopc_builder_ip/common -I D:/quartus_prime/quartus/../ip/altera/sopc_builder_ip/altera_avalon_onchip_memory2 -- D:/quartus_prime/quartus/../ip/altera/sopc_builder_ip/altera_avalon_onchip_memory2/generate_rtl.pl --name=system_onchip_memory2_0 --dir=C:/Users/admin/AppData/Local/Temp/alt0424_5852287047058806136.dir/0003_onchip_memory2_0_gen/ --quartus_dir=D:/quartus_prime/quartus --verilog --config=C:/Users/admin/AppData/Local/Temp/alt0424_5852287047058806136.dir/0003_onchip_memory2_0_gen//system_onchip_memory2_0_component_configuration.pl  --do_build_sim=0  ]
Info: onchip_memory2_0: Done RTL generation for module 'system_onchip_memory2_0'
Info: onchip_memory2_0: "system" instantiated altera_avalon_onchip_memory2 "onchip_memory2_0"
Info: pio_hex0: Starting RTL generation for module 'system_pio_hex0'
Info: pio_hex0:   Generation command is [exec D:/quartus_prime/quartus/bin64/perl/bin/perl.exe -I D:/quartus_prime/quartus/bin64/perl/lib -I D:/quartus_prime/quartus/sopc_builder/bin/europa -I D:/quartus_prime/quartus/sopc_builder/bin/perl_lib -I D:/quartus_prime/quartus/sopc_builder/bin -I D:/quartus_prime/quartus/../ip/altera/sopc_builder_ip/common -I D:/quartus_prime/quartus/../ip/altera/sopc_builder_ip/altera_avalon_pio -- D:/quartus_prime/quartus/../ip/altera/sopc_builder_ip/altera_avalon_pio/generate_rtl.pl --name=system_pio_hex0 --dir=C:/Users/admin/AppData/Local/Temp/alt0424_5852287047058806136.dir/0004_pio_hex0_gen/ --quartus_dir=D:/quartus_prime/quartus --verilog --config=C:/Users/admin/AppData/Local/Temp/alt0424_5852287047058806136.dir/0004_pio_hex0_gen//system_pio_hex0_component_configuration.pl  --do_build_sim=0  ]
Info: pio_hex0: Done RTL generation for module 'system_pio_hex0'
Info: pio_hex0: "system" instantiated altera_avalon_pio "pio_hex0"
Info: pio_sw: Starting RTL generation for module 'system_pio_sw'
Info: pio_sw:   Generation command is [exec D:/quartus_prime/quartus/bin64/perl/bin/perl.exe -I D:/quartus_prime/quartus/bin64/perl/lib -I D:/quartus_prime/quartus/sopc_builder/bin/europa -I D:/quartus_prime/quartus/sopc_builder/bin/perl_lib -I D:/quartus_prime/quartus/sopc_builder/bin -I D:/quartus_prime/quartus/../ip/altera/sopc_builder_ip/common -I D:/quartus_prime/quartus/../ip/altera/sopc_builder_ip/altera_avalon_pio -- D:/quartus_prime/quartus/../ip/altera/sopc_builder_ip/altera_avalon_pio/generate_rtl.pl --name=system_pio_sw --dir=C:/Users/admin/AppData/Local/Temp/alt0424_5852287047058806136.dir/0005_pio_sw_gen/ --quartus_dir=D:/quartus_prime/quartus --verilog --config=C:/Users/admin/AppData/Local/Temp/alt0424_5852287047058806136.dir/0005_pio_sw_gen//system_pio_sw_component_configuration.pl  --do_build_sim=0  ]
Info: pio_sw: Done RTL generation for module 'system_pio_sw'
Info: pio_sw: "system" instantiated altera_avalon_pio "pio_sw"
Info: timer_0: Starting RTL generation for module 'system_timer_0'
Info: timer_0:   Generation command is [exec D:/Quartus_Prime/quartus/bin64//perl/bin/perl.exe -I D:/Quartus_Prime/quartus/bin64//perl/lib -I D:/quartus_prime/quartus/sopc_builder/bin/europa -I D:/quartus_prime/quartus/sopc_builder/bin/perl_lib -I D:/quartus_prime/quartus/sopc_builder/bin -I D:/quartus_prime/quartus/../ip/altera/sopc_builder_ip/common -I D:/quartus_prime/quartus/../ip/altera/sopc_builder_ip/altera_avalon_timer -- D:/quartus_prime/quartus/../ip/altera/sopc_builder_ip/altera_avalon_timer/generate_rtl.pl --name=system_timer_0 --dir=C:/Users/admin/AppData/Local/Temp/alt0424_5852287047058806136.dir/0006_timer_0_gen/ --quartus_dir=D:/quartus_prime/quartus --verilog --config=C:/Users/admin/AppData/Local/Temp/alt0424_5852287047058806136.dir/0006_timer_0_gen//system_timer_0_component_configuration.pl  --do_build_sim=0  ]
Info: timer_0: Done RTL generation for module 'system_timer_0'
Info: timer_0: "system" instantiated altera_avalon_timer "timer_0"
Info: avalon_st_adapter: Inserting error_adapter: error_adapter_0
Info: avalon_st_adapter_001: Inserting error_adapter: error_adapter_0
Info: avalon_st_adapter_002: Inserting error_adapter: error_adapter_0
Info: avalon_st_adapter_003: Inserting error_adapter: error_adapter_0
Info: avalon_st_adapter_004: Inserting error_adapter: error_adapter_0
Info: avalon_st_adapter_005: Inserting error_adapter: error_adapter_0
Info: avalon_st_adapter_006: Inserting error_adapter: error_adapter_0
Info: avalon_st_adapter_007: Inserting error_adapter: error_adapter_0
Info: avalon_st_adapter_008: Inserting error_adapter: error_adapter_0
Info: avalon_st_adapter_009: Inserting error_adapter: error_adapter_0
Info: avalon_st_adapter_010: Inserting error_adapter: error_adapter_0
Info: mm_interconnect_0: "system" instantiated altera_mm_interconnect "mm_interconnect_0"
Info: irq_mapper: "system" instantiated altera_irq_mapper "irq_mapper"
Info: rst_controller: "system" instantiated altera_reset_controller "rst_controller"
Info: cpu: Starting RTL generation for module 'system_nios2_gen2_0_cpu'
Info: cpu:   Generation command is [exec D:/Quartus_Prime/quartus/bin64//eperlcmd.exe -I D:/Quartus_Prime/quartus/bin64//perl/lib -I D:/quartus_prime/quartus/sopc_builder/bin/europa -I D:/quartus_prime/quartus/sopc_builder/bin/perl_lib -I D:/quartus_prime/quartus/sopc_builder/bin -I D:/quartus_prime/quartus/../ip/altera/nios2_ip/altera_nios2_gen2/cpu_lib -I D:/quartus_prime/quartus/../ip/altera/nios2_ip/altera_nios2_gen2/nios_lib -I D:/quartus_prime/quartus/../ip/altera/nios2_ip/altera_nios2_gen2 -I D:/quartus_prime/quartus/../ip/altera/nios2_ip/altera_nios2_gen2 -- D:/quartus_prime/quartus/../ip/altera/nios2_ip/altera_nios2_gen2/generate_rtl.epl --name=system_nios2_gen2_0_cpu --dir=C:/Users/admin/AppData/Local/Temp/alt0424_5852287047058806136.dir/0009_cpu_gen/ --quartus_bindir=D:/Quartus_Prime/quartus/bin64/ --verilog --config=C:/Users/admin/AppData/Local/Temp/alt0424_5852287047058806136.dir/0009_cpu_gen//system_nios2_gen2_0_cpu_processor_configuration.pl  --do_build_sim=0  ]
Info: cpu: # 2025.12.02 15:53:54 (*) Starting Nios II generation
Info: cpu: # 2025.12.02 15:53:54 (*)   Checking for plaintext license.
Info: cpu: # 2025.12.02 15:53:57 (*)   Couldn't query license setup in Quartus directory D:/Quartus_Prime/quartus/bin64/
Info: cpu: # 2025.12.02 15:53:57 (*)   Defaulting to contents of LM_LICENSE_FILE environment variable
Info: cpu: # 2025.12.02 15:53:57 (*)   LM_LICENSE_FILE environment variable is empty
Info: cpu: # 2025.12.02 15:53:57 (*)   Plaintext license not found.
Info: cpu: # 2025.12.02 15:53:57 (*)   No license required to generate encrypted Nios II/e.
Info: cpu: # 2025.12.02 15:53:57 (*)   Elaborating CPU configuration settings
Info: cpu: # 2025.12.02 15:53:57 (*)   Creating all objects for CPU
Info: cpu: # 2025.12.02 15:53:58 (*)   Generating RTL from CPU objects
Info: cpu: # 2025.12.02 15:53:58 (*)   Creating plain-text RTL
Info: cpu: # 2025.12.02 15:53:59 (*) Done Nios II generation
Info: cpu: Done RTL generation for module 'system_nios2_gen2_0_cpu'
Info: cpu: "nios2_gen2_0" instantiated altera_nios2_gen2_unit "cpu"
Info: nios2_gen2_0_data_master_translator: "mm_interconnect_0" instantiated altera_merlin_master_translator "nios2_gen2_0_data_master_translator"
Info: jtag_uart_0_avalon_jtag_slave_translator: "mm_interconnect_0" instantiated altera_merlin_slave_translator "jtag_uart_0_avalon_jtag_slave_translator"
Info: nios2_gen2_0_data_master_agent: "mm_interconnect_0" instantiated altera_merlin_master_agent "nios2_gen2_0_data_master_agent"
Info: jtag_uart_0_avalon_jtag_slave_agent: "mm_interconnect_0" instantiated altera_merlin_slave_agent "jtag_uart_0_avalon_jtag_slave_agent"
Info: jtag_uart_0_avalon_jtag_slave_agent_rsp_fifo: "mm_interconnect_0" instantiated altera_avalon_sc_fifo "jtag_uart_0_avalon_jtag_slave_agent_rsp_fifo"
Info: router: "mm_interconnect_0" instantiated altera_merlin_router "router"
Info: router_001: "mm_interconnect_0" instantiated altera_merlin_router "router_001"
Info: router_002: "mm_interconnect_0" instantiated altera_merlin_router "router_002"
Info: router_005: "mm_interconnect_0" instantiated altera_merlin_router "router_005"
Info: cmd_demux: "mm_interconnect_0" instantiated altera_merlin_demultiplexer "cmd_demux"
Info: cmd_demux_001: "mm_interconnect_0" instantiated altera_merlin_demultiplexer "cmd_demux_001"
Info: cmd_mux: "mm_interconnect_0" instantiated altera_merlin_multiplexer "cmd_mux"
Info: cmd_mux_003: "mm_interconnect_0" instantiated altera_merlin_multiplexer "cmd_mux_003"
Info: Reusing file D:/NGUYEN_VU_NHAT_THANH/Nam_4_HK1/SoC/Thuc_hanh/lap7/system/synthesis/submodules/altera_merlin_arbitrator.sv
Info: rsp_demux: "mm_interconnect_0" instantiated altera_merlin_demultiplexer "rsp_demux"
Info: rsp_demux_003: "mm_interconnect_0" instantiated altera_merlin_demultiplexer "rsp_demux_003"
Info: rsp_mux: "mm_interconnect_0" instantiated altera_merlin_multiplexer "rsp_mux"
Info: Reusing file D:/NGUYEN_VU_NHAT_THANH/Nam_4_HK1/SoC/Thuc_hanh/lap7/system/synthesis/submodules/altera_merlin_arbitrator.sv
Info: rsp_mux_001: "mm_interconnect_0" instantiated altera_merlin_multiplexer "rsp_mux_001"
Info: Reusing file D:/NGUYEN_VU_NHAT_THANH/Nam_4_HK1/SoC/Thuc_hanh/lap7/system/synthesis/submodules/altera_merlin_arbitrator.sv
Info: avalon_st_adapter: "mm_interconnect_0" instantiated altera_avalon_st_adapter "avalon_st_adapter"
Info: error_adapter_0: "avalon_st_adapter" instantiated error_adapter "error_adapter_0"
Info: system: Done "system" with 30 modules, 43 files
Info: qsys-generate succeeded.
Info: Finished: Create HDL design files for synthesis
